app/build/outputs/logs/manifest-merger-debug-report.txt
-- Merging decision tree log ---
manifest
ADDED from src/main/AndroidManifest.xml:2:1-78:12
	package
		ADDED from src/main/AndroidManifest.xml:3:5-40
		INJECTED from src/main/AndroidManifest.xml
		INJECTED from src/main/AndroidManifest.xml
	android:versionName
		INJECTED from src/main/AndroidManifest.xml
		INJECTED from src/main/AndroidManifest.xml
	xmlns:android
		ADDED from src/main/AndroidManifest.xml:2:11-69
	android:versionCode
		INJECTED from src/main/AndroidManifest.xml
		INJECTED from src/main/AndroidManifest.xml
uses-permission#android.permission.GET_ACCOUNTS
ADDED from src/main/AndroidManifest.xml:6:5-71
	android:name
		ADDED from src/main/AndroidManifest.xml:6:22-68
uses-permission#android.permission.READ_PROFILE
ADDED from src/main/AndroidManifest.xml:7:5-71
	android:name
		ADDED from src/main/AndroidManifest.xml:7:22-68
uses-permission#android.permission.READ_CONTACTS
ADDED from src/main/AndroidManifest.xml:8:5-72
	android:name
		ADDED from src/main/AndroidManifest.xml:8:22-69
uses-permission#android.permission.BLUETOOTH
ADDED from src/main/AndroidManifest.xml:9:5-68
MERGED from [com.akexorcist:bluetoothspp:1.0.0] AndroidManifest.xml:7:5-68
	android:name
		ADDED from src/main/AndroidManifest.xml:9:22-65
uses-permission#android.permission.BLUETOOTH_ADMIN
ADDED from src/main/AndroidManifest.xml:10:5-74
MERGED from [com.akexorcist:bluetoothspp:1.0.0] AndroidManifest.xml:8:5-74
	android:name
		ADDED from src/main/AndroidManifest.xml:10:22-71
application
ADDED from src/main/AndroidManifest.xml:12:5-76:19
MERGED from [com.android.support:design:23.4.0] AndroidManifest.xml:22:5-20
MERGED from [com.android.support:appcompat-v7:23.4.0] AndroidManifest.xml:25:5-20
MERGED from [com.android.support:animated-vector-drawable:23.4.0] AndroidManifest.xml:7:5-20
MERGED from [com.android.support:support-vector-drawable:23.4.0] AndroidManifest.xml:7:5-20
MERGED from [com.android.support:support-v4:23.4.0] AndroidManifest.xml:22:5-20
MERGED from [com.akexorcist:bluetoothspp:1.0.0] AndroidManifest.xml:10:5-12:19
	android:label
		ADDED from src/main/AndroidManifest.xml:15:9-41
	android:supportsRtl
		ADDED from src/main/AndroidManifest.xml:16:9-35
	android:allowBackup
		ADDED from src/main/AndroidManifest.xml:13:9-35
	android:icon
		ADDED from src/main/AndroidManifest.xml:14:9-43
	android:theme
		ADDED from src/main/AndroidManifest.xml:17:9-40
activity#com.systemcare.systemcare.SplashScreenActivity
ADDED from src/main/AndroidManifest.xml:18:9-26:20
	android:label
		ADDED from src/main/AndroidManifest.xml:20:13-45
	android:name
		ADDED from src/main/AndroidManifest.xml:19:13-49
intent-filter#android.intent.action.MAIN+android.intent.category.LAUNCHER
ADDED from src/main/AndroidManifest.xml:21:13-25:29
action#android.intent.action.MAIN
ADDED from src/main/AndroidManifest.xml:22:17-69
	android:name
		ADDED from src/main/AndroidManifest.xml:22:25-66
category#android.intent.category.LAUNCHER
ADDED from src/main/AndroidManifest.xml:24:17-77
	android:name
		ADDED from src/main/AndroidManifest.xml:24:27-74
activity#com.systemcare.systemcare.LoginActivity
ADDED from src/main/AndroidManifest.xml:27:9-35:20
	android:label
		ADDED from src/main/AndroidManifest.xml:29:13-45
	android:name
		ADDED from src/main/AndroidManifest.xml:28:13-42
intent-filter#android.intent.category.DEFAULT+com.systemcare.systemcare.MainActivity
ADDED from src/main/AndroidManifest.xml:30:13-34:29
action#com.systemcare.systemcare.MainActivity
ADDED from src/main/AndroidManifest.xml:31:17-81
	android:name
		ADDED from src/main/AndroidManifest.xml:31:25-78
category#android.intent.category.DEFAULT
ADDED from src/main/AndroidManifest.xml:33:17-76
	android:name
		ADDED from src/main/AndroidManifest.xml:33:27-73
activity#com.systemcare.systemcare.MainActivity
ADDED from src/main/AndroidManifest.xml:36:9-44:20
	android:label
		ADDED from src/main/AndroidManifest.xml:38:13-56
	android:parentActivityName
		ADDED from src/main/AndroidManifest.xml:39:13-56
	android:theme
		ADDED from src/main/AndroidManifest.xml:40:13-56
	android:name
		ADDED from src/main/AndroidManifest.xml:37:13-41
meta-data#android.support.PARENT_ACTIVITY
ADDED from src/main/AndroidManifest.xml:41:13-43:75
	android:value
		ADDED from src/main/AndroidManifest.xml:43:17-72
	android:name
		ADDED from src/main/AndroidManifest.xml:42:17-63
activity#com.systemcare.systemcare.AboutActivity
ADDED from src/main/AndroidManifest.xml:45:9-51
	android:name
		ADDED from src/main/AndroidManifest.xml:45:19-48
activity#com.systemcare.systemcare.TermosActivity
ADDED from src/main/AndroidManifest.xml:46:9-49:59
	android:label
		ADDED from src/main/AndroidManifest.xml:48:13-58
	android:theme
		ADDED from src/main/AndroidManifest.xml:49:13-56
	android:name
		ADDED from src/main/AndroidManifest.xml:47:13-43
activity#com.systemcare.systemcare.PoliticaActivity
ADDED from src/main/AndroidManifest.xml:50:9-53:59
	android:label
		ADDED from src/main/AndroidManifest.xml:52:13-60
	android:theme
		ADDED from src/main/AndroidManifest.xml:53:13-56
	android:name
		ADDED from src/main/AndroidManifest.xml:51:13-45
activity#com.systemcare.systemcare.LicencaActivity
ADDED from src/main/AndroidManifest.xml:54:9-57:59
	android:label
		ADDED from src/main/AndroidManifest.xml:56:13-59
	android:theme
		ADDED from src/main/AndroidManifest.xml:57:13-56
	android:name
		ADDED from src/main/AndroidManifest.xml:55:13-44
activity#com.systemcare.systemcare.HelpActivity1
ADDED from src/main/AndroidManifest.xml:58:9-61:59
	android:label
		ADDED from src/main/AndroidManifest.xml:60:13-56
	android:theme
		ADDED from src/main/AndroidManifest.xml:61:13-56
	android:name
		ADDED from src/main/AndroidManifest.xml:59:13-42
activity#com.systemcare.systemcare.MonitorarActivity
ADDED from src/main/AndroidManifest.xml:62:9-55
	android:name
		ADDED from src/main/AndroidManifest.xml:62:19-52
activity#com.systemcare.systemcare.RelatorioActivity
ADDED from src/main/AndroidManifest.xml:63:9-55
	android:name
		ADDED from src/main/AndroidManifest.xml:63:19-52
activity#com.systemcare.systemcare.TestActivity
ADDED from src/main/AndroidManifest.xml:64:9-50
	android:name
		ADDED from src/main/AndroidManifest.xml:64:19-47
activity#com.systemcare.systemcare.ContactActivity
ADDED from src/main/AndroidManifest.xml:65:9-73:20
	android:label
		ADDED from src/main/AndroidManifest.xml:67:13-59
	android:parentActivityName
		ADDED from src/main/AndroidManifest.xml:68:13-56
	android:theme
		ADDED from src/main/AndroidManifest.xml:69:13-56
	android:name
		ADDED from src/main/AndroidManifest.xml:66:13-44
activity#app.akexorcist.bluetoothspp.DeviceList
ADDED from src/main/AndroidManifest.xml:75:9-84
	android:name
		ADDED from src/main/AndroidManifest.xml:75:19-72
uses-sdk
INJECTED from src/main/AndroidManifest.xml reason: use-sdk injection requested
MERGED from [com.android.support:design:23.4.0] AndroidManifest.xml:20:5-43
MERGED from [com.android.support:recyclerview-v7:23.4.0] AndroidManifest.xml:20:5-43
MERGED from [com.android.support:appcompat-v7:23.4.0] AndroidManifest.xml:21:5-23:78
MERGED from [com.android.support:animated-vector-drawable:23.4.0] AndroidManifest.xml:5:5-44
MERGED from [com.android.support:support-vector-drawable:23.4.0] AndroidManifest.xml:5:5-43
MERGED from [com.android.support:support-v4:23.4.0] AndroidManifest.xml:20:5-43
	tools:overrideLibrary
		ADDED from [com.android.support:appcompat-v7:23.4.0] AndroidManifest.xml:23:9-75
	android:targetSdkVersion
		INJECTED from src/main/AndroidManifest.xml
		INJECTED from src/main/AndroidManifest.xml
	android:minSdkVersion
		INJECTED from src/main/AndroidManifest.xml
		INJECTED from src/main/AndroidManifest.xml
activity#app.akexorcist.bluetotohspp.library.DeviceList
ADDED from [com.akexorcist:bluetoothspp:1.0.0] AndroidManifest.xml:11:9-83
	android:name
		ADDED from [com.akexorcist:bluetoothspp:1.0.0] AndroidManifest.xml:11:19-80
android:uses-permission#android.permission.WRITE_EXTERNAL_STORAGE
IMPLIED from src/main/AndroidManifest.xml:2:1-78:12 reason: app.akexorcist.bluetotohspp.library has a targetSdkVersion < 4
android:uses-permission#android.permission.READ_PHONE_STATE
IMPLIED from src/main/AndroidManifest.xml:2:1-78:12 reason: app.akexorcist.bluetotohspp.library has a targetSdkVersion < 4
android:uses-permission#android.permission.READ_EXTERNAL_STORAGE
IMPLIED from src/main/AndroidManifest.xml:2:1-78:12 reason: app.akexorcist.bluetotohspp.library requested WRITE_EXTERNAL_STORAGE